<?xml version="1.0" encoding="UTF-8"?>
<!-- Generated by org.testng.reporters.JUnitReportReporter -->
<testsuite hostname="Going_Merry" failures="0" tests="3" name="assignment.SubmitOrderTest" time="28.488" errors="0" timestamp="2024-06-16T19:19:29 IST" skipped="0">
  <testcase classname="assignment.SubmitOrderTest" name="submitOrder" time="10.797"/>
  <testcase classname="assignment.SubmitOrderTest" name="verifyOrderHistory" time="7.185"/>
  <testcase classname="assignment.SubmitOrderTest" name="submitOrder" time="10.506"/>
</testsuite> <!-- assignment.SubmitOrderTest -->
