<?xml version="1.0" encoding="UTF-8"?>
<!-- Generated by org.testng.reporters.JUnitReportReporter -->
<testsuite hostname="Going_Merry" failures="0" tests="2" name="assignment.SubmitOrderTest" time="21.478" errors="0" timestamp="2024-06-16T23:46:23 IST" skipped="0">
  <testcase classname="assignment.SubmitOrderTest" name="submitOrder" time="10.236"/>
  <testcase classname="assignment.SubmitOrderTest" name="submitOrder" time="11.242"/>
</testsuite> <!-- assignment.SubmitOrderTest -->
